<?xml version="1.0" encoding="UTF-8"?>
<testng-results ignored="0" total="1" passed="1" failed="0" skipped="0">
  <reporter-output>
  </reporter-output>
  <suite started-at="2024-01-12T12:38:41 IST" name="Suite" finished-at="2024-01-12T12:38:53 IST" duration-ms="12019">
    <groups>
    </groups>
    <test started-at="2024-01-12T12:38:41 IST" name="Test" finished-at="2024-01-12T12:38:53 IST" duration-ms="12019">
      <class name="com.testCases.adnabu_Test">
        <test-method is-config="true" signature="setLog()[pri:0, instance:com.testCases.adnabu_Test@5745ca0e]" started-at="2024-01-12T12:38:40 IST" name="setLog" finished-at="2024-01-12T12:38:41 IST" duration-ms="447" status="PASS">
          <reporter-output>
          </reporter-output>
        </test-method> <!-- setLog -->
        <test-method is-config="true" signature="setBrowser(java.lang.String)[pri:0, instance:com.testCases.adnabu_Test@5745ca0e]" started-at="2024-01-12T12:38:41 IST" name="setBrowser" finished-at="2024-01-12T12:38:45 IST" duration-ms="4904" status="PASS">
          <params>
            <param index="0">
              <value>
                <![CDATA[chrome]]>
              </value>
            </param>
          </params>
          <reporter-output>
          </reporter-output>
        </test-method> <!-- setBrowser -->
        <test-method is-config="true" signature="setClass()[pri:0, instance:com.testCases.adnabu_Test@5745ca0e]" started-at="2024-01-12T12:38:45 IST" name="setClass" finished-at="2024-01-12T12:38:45 IST" duration-ms="29" status="PASS">
          <reporter-output>
          </reporter-output>
        </test-method> <!-- setClass -->
        <test-method signature="verification_of_productSearchNfilter_Test()[pri:1, instance:com.testCases.adnabu_Test@5745ca0e]" started-at="2024-01-12T12:38:46 IST" name="verification_of_productSearchNfilter_Test" finished-at="2024-01-12T12:38:52 IST" duration-ms="6827" status="PASS">
          <reporter-output>
          </reporter-output>
        </test-method> <!-- verification_of_productSearchNfilter_Test -->
        <test-method is-config="true" signature="closeBrowser()[pri:0, instance:com.testCases.adnabu_Test@5745ca0e]" started-at="2024-01-12T12:38:52 IST" name="closeBrowser" finished-at="2024-01-12T12:38:53 IST" duration-ms="221" status="PASS">
          <reporter-output>
          </reporter-output>
        </test-method> <!-- closeBrowser -->
        <test-method is-config="true" signature="flushExtentReport()[pri:0, instance:com.testCases.adnabu_Test@5745ca0e]" started-at="2024-01-12T12:38:53 IST" name="flushExtentReport" finished-at="2024-01-12T12:38:53 IST" duration-ms="292" status="PASS">
          <reporter-output>
          </reporter-output>
        </test-method> <!-- flushExtentReport -->
      </class> <!-- com.testCases.adnabu_Test -->
    </test> <!-- Test -->
  </suite> <!-- Suite -->
</testng-results>
