<?xml version="1.0" encoding="UTF-8"?>
<!-- Generated by org.testng.reporters.JUnitXMLReporter -->
<testsuite ignored="0" hostname="L161001SA" failures="1" tests="2" name="Test" time="13.189" errors="0" timestamp="2024-01-11T19:28:17 IST">
  <testcase classname="com.testCases.adnabu_Test" name="verification_of_productSearchNfilter_Test" time="5.217"/>
  <testcase classname="com.testCases.adnabu_Test" name="verification_of_productRemoveFromCart_Test" time="0.063">
    <failure type="java.lang.AssertionError" message="Unable Click on element Element &amp;lt;span class=&amp;quot;visually-hidden&amp;quot;&amp;gt; could not be scrolled into view
Build info: version: &amp;apos;4.11.0&amp;apos;, revision: &amp;apos;040bc5406b&amp;apos;
System info: os.name: &amp;apos;Windows 10&amp;apos;, os.arch: &amp;apos;amd64&amp;apos;, os.version: &amp;apos;10.0&amp;apos;, java.version: &amp;apos;17.0.4&amp;apos;
Driver info: org.openqa.selenium.firefox.FirefoxDriver
Command: [1f8e702e-24b6-42e7-b5cc-2dd423c91965, clickElement {id=831a8009-5b39-412c-9f5a-873fe0543387}]
Capabilities {acceptInsecureCerts: true, browserName: firefox, browserVersion: 119.0.1, moz:accessibilityChecks: false, moz:buildID: 20231106151204, moz:debuggerAddress: 127.0.0.1:41691, moz:geckodriverVersion: 0.34.0, moz:headless: false, moz:platformVersion: 10.0, moz:processID: 15744, moz:profile: C:\Users\SIKAND~1.BSO\AppDa..., moz:shutdownTimeout: 60000, moz:webdriverClick: true, moz:windowless: false, pageLoadStrategy: normal, platformName: windows, proxy: Proxy(), se:cdp: ws://127.0.0.1:41691/devtoo..., se:cdpVersion: 85.0, setWindowRect: true, strictFileInteractability: false, timeouts: {implicit: 0, pageLoad: 300000, script: 30000}, unhandledPromptBehavior: dismiss and notify}
Element: [[FirefoxDriver: firefox on windows (1f8e702e-24b6-42e7-b5cc-2dd423c91965)] -&amp;gt; xpath: //span[text()=&amp;apos;Cart&amp;apos;]]
Session ID: 1f8e702e-24b6-42e7-b5cc-2dd423c91965 expected [true] but found [false]">
      <![CDATA[java.lang.AssertionError: Unable Click on element Element <span class="visually-hidden"> could not be scrolled into view
Build info: version: '4.11.0', revision: '040bc5406b'
System info: os.name: 'Windows 10', os.arch: 'amd64', os.version: '10.0', java.version: '17.0.4'
Driver info: org.openqa.selenium.firefox.FirefoxDriver
Command: [1f8e702e-24b6-42e7-b5cc-2dd423c91965, clickElement {id=831a8009-5b39-412c-9f5a-873fe0543387}]
Capabilities {acceptInsecureCerts: true, browserName: firefox, browserVersion: 119.0.1, moz:accessibilityChecks: false, moz:buildID: 20231106151204, moz:debuggerAddress: 127.0.0.1:41691, moz:geckodriverVersion: 0.34.0, moz:headless: false, moz:platformVersion: 10.0, moz:processID: 15744, moz:profile: C:\Users\SIKAND~1.BSO\AppDa..., moz:shutdownTimeout: 60000, moz:webdriverClick: true, moz:windowless: false, pageLoadStrategy: normal, platformName: windows, proxy: Proxy(), se:cdp: ws://127.0.0.1:41691/devtoo..., se:cdpVersion: 85.0, setWindowRect: true, strictFileInteractability: false, timeouts: {implicit: 0, pageLoad: 300000, script: 30000}, unhandledPromptBehavior: dismiss and notify}
Element: [[FirefoxDriver: firefox on windows (1f8e702e-24b6-42e7-b5cc-2dd423c91965)] -> xpath: //span[text()='Cart']]
Session ID: 1f8e702e-24b6-42e7-b5cc-2dd423c91965 expected [true] but found [false]
at com.GenericLibrary.CommonLibrary.buttonClick(CommonLibrary.java:71)
at com.PageObject.ProductSearchNfilter.viewNRemoveproductFromCart(ProductSearchNfilter.java:68)
at com.testCases.adnabu_Test.verification_of_productRemoveFromCart_Test(adnabu_Test.java:31)
at java.base/java.util.ArrayList.forEach(ArrayList.java:1511)
... Removed 30 stack frames]]>
    </failure>
  </testcase> <!-- verification_of_productRemoveFromCart_Test -->
</testsuite> <!-- Test -->
